e:\面向对象的程序设计\arithmetic\reconstruct\x64\release\langlist.resources
e:\面向对象的程序设计\arithmetic\reconstruct\x64\release\resource.resources
e:\面向对象的程序设计\arithmetic\reconstruct\x64\release\resource.en-us.resources
e:\面向对象的程序设计\arithmetic\reconstruct\x64\release\resource.fr-fr.resources
e:\面向对象的程序设计\arithmetic\reconstruct\x64\release\resource.de-de.resources
e:\面向对象的程序设计\arithmetic\reconstruct\x64\release\resource.ja-jp.resources
e:\面向对象的程序设计\arithmetic\reconstruct\x64\release\resource.zh-cn.resources
e:\面向对象的程序设计\arithmetic\reconstruct\x64\release\en-us\arithmetic.resources.dll
e:\面向对象的程序设计\arithmetic\reconstruct\x64\release\fr-fr\arithmetic.resources.dll
e:\面向对象的程序设计\arithmetic\reconstruct\x64\release\de-de\arithmetic.resources.dll
e:\面向对象的程序设计\arithmetic\reconstruct\x64\release\ja-jp\arithmetic.resources.dll
e:\面向对象的程序设计\arithmetic\reconstruct\x64\release\zh-cn\arithmetic.resources.dll
e:\面向对象的程序设计\arithmetic\reconstruct\x64\release\vc141.pdb
e:\面向对象的程序设计\arithmetic\reconstruct\x64\release\treepoint.obj
e:\面向对象的程序设计\arithmetic\reconstruct\x64\release\operation.obj
e:\面向对象的程序设计\arithmetic\reconstruct\x64\release\main.obj
e:\面向对象的程序设计\arithmetic\reconstruct\x64\release\fraction.obj
e:\面向对象的程序设计\arithmetic\reconstruct\x64\release\interact.obj
e:\面向对象的程序设计\arithmetic\reconstruct\x64\release\.netframework,version=v4.0.assemblyattributes.obj
e:\面向对象的程序设计\arithmetic\reconstruct\x64\release\.netframework,version=v4.0.assemblyattributes.asm
e:\面向对象的程序设计\arithmetic\reconstruct\x64\release\arithmetic.exe
e:\面向对象的程序设计\arithmetic\reconstruct\x64\release\arithmetic.pdb
e:\面向对象的程序设计\arithmetic\reconstruct\x64\release\arithmetic.vcxproj.generateresource.cache
e:\面向对象的程序设计\arithmetic\reconstruct\x64\release\arithmetic.vcxprojresolveassemblyreference.cache
e:\面向对象的程序设计\arithmetic\reconstruct\x64\release\nativecodeanalysis.read.1.tlog
e:\面向对象的程序设计\arithmetic\reconstruct\x64\release\.netframework,version=v4.0.assemblyattributes.nativecodeanalysis.xml
e:\面向对象的程序设计\arithmetic\reconstruct\x64\release\arithmetic.exe.codeanalysislog.xml
e:\面向对象的程序设计\arithmetic\reconstruct\x64\release\fraction.nativecodeanalysis.xml
e:\面向对象的程序设计\arithmetic\reconstruct\x64\release\main.nativecodeanalysis.xml
e:\面向对象的程序设计\arithmetic\reconstruct\x64\release\operation.nativecodeanalysis.xml
e:\面向对象的程序设计\arithmetic\reconstruct\x64\release\treepoint.nativecodeanalysis.xml
e:\面向对象的程序设计\arithmetic\reconstruct\x64\release\vc.nativecodeanalysis.all.xml
e:\面向对象的程序设计\arithmetic\reconstruct\x64\release\arithmetic.exe.metagen
e:\面向对象的程序设计\arithmetic\reconstruct\x64\release\arithmetic.exe.lastcodeanalysissucceeded
e:\面向对象的程序设计\arithmetic\reconstruct\x64\release\arithmetic.tlog\arithmetic.write.1u.tlog
e:\面向对象的程序设计\arithmetic\reconstruct\x64\release\arithmetic.tlog\cl.command.1.tlog
e:\面向对象的程序设计\arithmetic\reconstruct\x64\release\arithmetic.tlog\cl.read.1.tlog
e:\面向对象的程序设计\arithmetic\reconstruct\x64\release\arithmetic.tlog\cl.write.1.tlog
e:\面向对象的程序设计\arithmetic\reconstruct\x64\release\arithmetic.tlog\link.command.1.tlog
e:\面向对象的程序设计\arithmetic\reconstruct\x64\release\arithmetic.tlog\link.read.1.tlog
e:\面向对象的程序设计\arithmetic\reconstruct\x64\release\arithmetic.tlog\link.write.1.tlog
e:\面向对象的程序设计\arithmetic\reconstruct\x64\release\arithmetic.tlog\metagen.read.1.tlog
e:\面向对象的程序设计\arithmetic\reconstruct\x64\release\arithmetic.tlog\metagen.write.1.tlog
e:\面向对象的程序设计\arithmetic\reconstruct\x64\release\arithmetic.tlog\msxml6r.dll.bi
e:\面向对象的程序设计\arithmetic\reconstruct\x64\release\arithmetic.tlog\tzres.dll.bi
